<?xml version='1.0' encoding='UTF-8'?>
<testsuite hostname="mc-s093802.local" name="Bowling.BowlingScoreSpec" tests="3" errors="0" failures="0" time="0.03">
                     <properties>
[...]
</properties>
                     <testcase classname="Bowling.BowlingScoreSpec" name="The Score should::return the correct score for 2 bowls" time="0.026">
                                                 
                                               </testcase><testcase classname="Bowling.BowlingScoreSpec" name="The Score should::one strike prior shoud allow 10 to be added" time="0.002">
                                                 
                                               </testcase><testcase classname="Bowling.BowlingScoreSpec" name="The Score should::two strike prior shoud allow 20 to be added" time="0.002">
                                                 
                                               </testcase>
                     <system-out></system-out>
                     <system-err></system-err>
                   </testsuite>